<?xml version="1.0" encoding="UTF-8"?>
<!-- Generated by org.testng.reporters.JUnitReportReporter -->
<testsuite hostname="DESKTOP-66DS3TN" failures="0" tests="1" name="tests.TestBase" time="16.249" errors="1" timestamp="2020-03-23T12:59:56 EET" skipped="0">
  <testcase classname="tests.TestBase" name="StartDriver" time="16.249">
    <error message="session not created
from chrome not reachable
  (Session info: chrome=80.0.3987.149)
Build info: version: &#039;3.141.59&#039;, revision: &#039;e82be7d358&#039;, time: &#039;2018-11-14T08:17:03&#039;
System info: host: &#039;DESKTOP-66DS3TN&#039;, ip: &#039;192.168.1.13&#039;, os.name: &#039;Windows 10&#039;, os.arch: &#039;amd64&#039;, os.version: &#039;10.0&#039;, java.version: &#039;13.0.2&#039;
Driver info: driver.version: ChromeDriver
remote stacktrace: Backtrace:
	Ordinal0 [0x00490C83+1707139]
	Ordinal0 [0x003F68F1+1075441]
	Ordinal0 [0x0036DE72+515698]
	Ordinal0 [0x00367CA8+490664]
	Ordinal0 [0x0036839B+492443]
	Ordinal0 [0x003692F5+496373]
	Ordinal0 [0x00364F05+478981]
	Ordinal0 [0x0036ECA0+519328]
	Ordinal0 [0x0031CA67+182887]
	Ordinal0 [0x0031BDDD+179677]
	Ordinal0 [0x00319D4B+171339]
	Ordinal0 [0x00301D4A+73034]
	Ordinal0 [0x00302DC0+77248]
	Ordinal0 [0x00302D59+77145]
	Ordinal0 [0x0040BB67+1162087]
	GetHandleVerifier [0x0052A966+508998]
	GetHandleVerifier [0x0052A6A4+508292]
	GetHandleVerifier [0x0053F7B7+594583]
	GetHandleVerifier [0x0052B1D6+511158]
	Ordinal0 [0x0040402C+1130540]
	Ordinal0 [0x0040D4CB+1168587]
	Ordinal0 [0x0040D633+1168947]
	Ordinal0 [0x00425B35+1268533]
	BaseThreadInitThunk [0x779D6359+25]
	RtlGetAppContainerNamedObjectPath [0x77EC7B74+228]
	RtlGetAppContainerNamedObjectPath [0x77EC7B44+180]
" type="org.openqa.selenium.SessionNotCreatedException">
      <![CDATA[org.openqa.selenium.SessionNotCreatedException: session not created
from chrome not reachable
  (Session info: chrome=80.0.3987.149)
Build info: version: '3.141.59', revision: 'e82be7d358', time: '2018-11-14T08:17:03'
System info: host: 'DESKTOP-66DS3TN', ip: '192.168.1.13', os.name: 'Windows 10', os.arch: 'amd64', os.version: '10.0', java.version: '13.0.2'
Driver info: driver.version: ChromeDriver
remote stacktrace: Backtrace:
Ordinal0 [0x00490C83+1707139]
Ordinal0 [0x003F68F1+1075441]
Ordinal0 [0x0036DE72+515698]
Ordinal0 [0x00367CA8+490664]
Ordinal0 [0x0036839B+492443]
Ordinal0 [0x003692F5+496373]
Ordinal0 [0x00364F05+478981]
Ordinal0 [0x0036ECA0+519328]
Ordinal0 [0x0031CA67+182887]
Ordinal0 [0x0031BDDD+179677]
Ordinal0 [0x00319D4B+171339]
Ordinal0 [0x00301D4A+73034]
Ordinal0 [0x00302DC0+77248]
Ordinal0 [0x00302D59+77145]
Ordinal0 [0x0040BB67+1162087]
GetHandleVerifier [0x0052A966+508998]
GetHandleVerifier [0x0052A6A4+508292]
GetHandleVerifier [0x0053F7B7+594583]
GetHandleVerifier [0x0052B1D6+511158]
Ordinal0 [0x0040402C+1130540]
Ordinal0 [0x0040D4CB+1168587]
Ordinal0 [0x0040D633+1168947]
Ordinal0 [0x00425B35+1268533]
BaseThreadInitThunk [0x779D6359+25]
RtlGetAppContainerNamedObjectPath [0x77EC7B74+228]
RtlGetAppContainerNamedObjectPath [0x77EC7B44+180]

at java.base/jdk.internal.reflect.NativeConstructorAccessorImpl.newInstance0(Native Method)
at java.base/jdk.internal.reflect.NativeConstructorAccessorImpl.newInstance(NativeConstructorAccessorImpl.java:62)
at java.base/jdk.internal.reflect.DelegatingConstructorAccessorImpl.newInstance(DelegatingConstructorAccessorImpl.java:45)
at java.base/java.lang.reflect.Constructor.newInstanceWithCaller(Constructor.java:500)
at java.base/java.lang.reflect.Constructor.newInstance(Constructor.java:481)
at org.openqa.selenium.remote.W3CHandshakeResponse.lambda$errorHandler$0(W3CHandshakeResponse.java:62)
at org.openqa.selenium.remote.HandshakeResponse.lambda$getResponseFunction$0(HandshakeResponse.java:30)
at org.openqa.selenium.remote.ProtocolHandshake.lambda$createSession$0(ProtocolHandshake.java:126)
at java.base/java.util.stream.ReferencePipeline$3$1.accept(ReferencePipeline.java:195)
at java.base/java.util.Spliterators$ArraySpliterator.tryAdvance(Spliterators.java:958)
at java.base/java.util.stream.ReferencePipeline.forEachWithCancel(ReferencePipeline.java:127)
at java.base/java.util.stream.AbstractPipeline.copyIntoWithCancel(AbstractPipeline.java:502)
at java.base/java.util.stream.AbstractPipeline.copyInto(AbstractPipeline.java:488)
at java.base/java.util.stream.AbstractPipeline.wrapAndCopyInto(AbstractPipeline.java:474)
at java.base/java.util.stream.FindOps$FindOp.evaluateSequential(FindOps.java:150)
at java.base/java.util.stream.AbstractPipeline.evaluate(AbstractPipeline.java:234)
at java.base/java.util.stream.ReferencePipeline.findFirst(ReferencePipeline.java:543)
at org.openqa.selenium.remote.ProtocolHandshake.createSession(ProtocolHandshake.java:128)
at org.openqa.selenium.remote.ProtocolHandshake.createSession(ProtocolHandshake.java:74)
at org.openqa.selenium.remote.HttpCommandExecutor.execute(HttpCommandExecutor.java:136)
at org.openqa.selenium.remote.service.DriverCommandExecutor.execute(DriverCommandExecutor.java:83)
at org.openqa.selenium.remote.RemoteWebDriver.execute(RemoteWebDriver.java:552)
at org.openqa.selenium.remote.RemoteWebDriver.startSession(RemoteWebDriver.java:213)
at org.openqa.selenium.remote.RemoteWebDriver.<init>(RemoteWebDriver.java:131)
at org.openqa.selenium.chrome.ChromeDriver.<init>(ChromeDriver.java:181)
at org.openqa.selenium.chrome.ChromeDriver.<init>(ChromeDriver.java:168)
at org.openqa.selenium.chrome.ChromeDriver.<init>(ChromeDriver.java:123)
at tests.TestBase.StartDriver(TestBase.java:32)
at java.base/jdk.internal.reflect.NativeMethodAccessorImpl.invoke0(Native Method)
at java.base/jdk.internal.reflect.NativeMethodAccessorImpl.invoke(NativeMethodAccessorImpl.java:62)
at java.base/jdk.internal.reflect.DelegatingMethodAccessorImpl.invoke(DelegatingMethodAccessorImpl.java:43)
at java.base/java.lang.reflect.Method.invoke(Method.java:567)
at org.testng.internal.MethodInvocationHelper.invokeMethod(MethodInvocationHelper.java:133)
at org.testng.internal.MethodInvocationHelper.invokeMethodConsideringTimeout(MethodInvocationHelper.java:62)
at org.testng.internal.ConfigInvoker.invokeConfigurationMethod(ConfigInvoker.java:340)
at org.testng.internal.ConfigInvoker.invokeConfigurations(ConfigInvoker.java:294)
at org.testng.SuiteRunner.privateRun(SuiteRunner.java:345)
at org.testng.SuiteRunner.run(SuiteRunner.java:304)
at org.testng.SuiteRunnerWorker.runSuite(SuiteRunnerWorker.java:53)
at org.testng.SuiteRunnerWorker.run(SuiteRunnerWorker.java:96)
at org.testng.TestNG.runSuitesSequentially(TestNG.java:1180)
at org.testng.TestNG.runSuitesLocally(TestNG.java:1102)
at org.testng.TestNG.runSuites(TestNG.java:1032)
at org.testng.TestNG.run(TestNG.java:1000)
at org.testng.remote.AbstractRemoteTestNG.run(AbstractRemoteTestNG.java:115)
at org.testng.remote.RemoteTestNG.initAndRun(RemoteTestNG.java:251)
at org.testng.remote.RemoteTestNG.main(RemoteTestNG.java:77)
]]>
    </error>
  </testcase> <!-- StartDriver -->
</testsuite> <!-- tests.TestBase -->
