<?xml version="1.0" encoding="UTF-8"?>
<!-- Generated by org.testng.reporters.JUnitXMLReporter -->
<testsuite ignored="1" hostname="DESKTOP-66DS3TN" failures="2" tests="2" name="Registration Test" time="0.281" errors="0" timestamp="2020-03-23T12:42:43 EET">
  <testcase classname="tests.UserRegistration_Test" name="SuccessfullyRegister" time="0.058">
    <failure type="java.lang.NoClassDefFoundError" message="org/openqa/selenium/WrapsElement">
      <![CDATA[java.lang.NoClassDefFoundError: org/openqa/selenium/WrapsElement
at org.openqa.selenium.support.pagefactory.DefaultFieldDecorator.proxyForLocator(DefaultFieldDecorator.java:101)
at org.openqa.selenium.support.pagefactory.DefaultFieldDecorator.decorate(DefaultFieldDecorator.java:62)
at org.openqa.selenium.support.PageFactory.proxyFields(PageFactory.java:113)
at org.openqa.selenium.support.PageFactory.initElements(PageFactory.java:105)
at org.openqa.selenium.support.PageFactory.initElements(PageFactory.java:92)
at org.openqa.selenium.support.PageFactory.initElements(PageFactory.java:79)
at pages.PageBase.<init>(PageBase.java:17)
at pages.Home_Page.<init>(Home_Page.java:10)
at tests.UserRegistration_Test.SuccessfullyRegister(UserRegistration_Test.java:44)
at java.base/java.util.ArrayList.forEach(ArrayList.java:1507)
Caused by: java.lang.ClassNotFoundException: org.openqa.selenium.WrapsElement
at java.base/jdk.internal.loader.BuiltinClassLoader.loadClass(BuiltinClassLoader.java:602)
at java.base/jdk.internal.loader.ClassLoaders$AppClassLoader.loadClass(ClassLoaders.java:178)
at java.base/java.lang.ClassLoader.loadClass(ClassLoader.java:521)
... 37 more
... Removed 27 stack frames]]>
    </failure>
  </testcase> <!-- SuccessfullyRegister -->
  <testcase classname="tests.UserRegistration_Test" name="SuccessfullyRegister" time="0.006">
    <failure type="java.lang.NoClassDefFoundError" message="org/openqa/selenium/WrapsElement">
      <![CDATA[java.lang.NoClassDefFoundError: org/openqa/selenium/WrapsElement
at org.openqa.selenium.support.pagefactory.DefaultFieldDecorator.proxyForLocator(DefaultFieldDecorator.java:101)
at org.openqa.selenium.support.pagefactory.DefaultFieldDecorator.decorate(DefaultFieldDecorator.java:62)
at org.openqa.selenium.support.PageFactory.proxyFields(PageFactory.java:113)
at org.openqa.selenium.support.PageFactory.initElements(PageFactory.java:105)
at org.openqa.selenium.support.PageFactory.initElements(PageFactory.java:92)
at org.openqa.selenium.support.PageFactory.initElements(PageFactory.java:79)
at pages.PageBase.<init>(PageBase.java:17)
at pages.Home_Page.<init>(Home_Page.java:10)
at tests.UserRegistration_Test.SuccessfullyRegister(UserRegistration_Test.java:44)
at java.base/java.util.ArrayList.forEach(ArrayList.java:1507)
... Removed 27 stack frames]]>
    </failure>
  </testcase> <!-- SuccessfullyRegister -->
  <testcase classname="tests.UserRegistration_Test" name="UserLoginSucceffully" time="0.0">
    <ignored/>
  </testcase> <!-- UserLoginSucceffully -->
</testsuite> <!-- Registration Test -->
